{"meta": {"format": 3, "version": "7.10.7", "timestamp": "2026-02-14T21:12:44.799329", "branch_coverage": false, "show_contexts": false}, "files": {"server.py": {"executed_lines": [2, 8, 9, 10, 14, 15, 16, 17, 18, 20, 21, 22, 23, 25, 26, 29, 30, 37, 38, 40, 48, 50, 52, 53, 54, 56, 57, 58, 60, 61, 62, 72, 74, 77, 78, 79, 81, 84, 85, 86, 87, 90, 91, 95, 97, 99, 102, 103, 104, 105, 106, 107, 108, 109, 111, 115, 116, 117, 119, 122, 124, 125, 136, 138, 140, 141, 142, 143, 145, 146, 148, 149, 150, 152, 155, 157, 158, 165, 166, 167, 172, 262, 264, 266, 267, 269, 272, 273, 274, 275, 276, 277, 278, 279, 280, 281, 282, 283, 284, 285, 288, 293, 295, 296, 297, 300, 301, 302, 305, 306, 307, 345, 346, 347, 348, 350, 352, 362, 364, 366, 367, 368, 369, 372, 373, 374, 378, 380, 381, 382, 385, 389, 390, 391, 392, 393, 397, 399, 400, 401, 402, 406, 409, 410, 413, 417, 419, 422, 423, 424, 425, 426, 429, 430, 431, 432, 434, 436, 463, 465, 467, 472, 473, 477, 479, 481, 487, 490, 491, 492, 495, 498, 499, 501, 505, 507, 509, 511, 512, 513, 514, 515, 516, 517, 519, 521, 522, 523, 524, 525, 526, 528, 534, 543], "summary": {"covered_lines": 192, "num_statements": 336, "percent_covered": 57.142857142857146, "percent_covered_display": "57", "missing_lines": 144, "excluded_lines": 0}, "missing_lines": [11, 12, 42, 43, 44, 45, 46, 64, 65, 66, 69, 70, 92, 93, 112, 113, 127, 129, 130, 131, 133, 134, 168, 169, 170, 174, 175, 176, 178, 179, 180, 181, 183, 184, 185, 187, 188, 189, 190, 191, 193, 194, 195, 198, 199, 201, 202, 203, 204, 206, 209, 210, 212, 220, 221, 223, 224, 225, 226, 228, 229, 230, 231, 233, 234, 235, 236, 238, 239, 240, 242, 243, 244, 245, 246, 248, 250, 251, 252, 254, 256, 258, 259, 260, 286, 289, 290, 291, 309, 310, 313, 315, 318, 319, 322, 323, 326, 327, 329, 339, 340, 341, 342, 375, 376, 394, 395, 414, 415, 427, 428, 438, 439, 441, 442, 443, 444, 445, 447, 448, 449, 457, 458, 459, 460, 461, 466, 469, 474, 493, 502, 530, 531, 536, 537, 538, 539, 540, 545, 546, 547, 548, 549, 550], "excluded_lines": [], "functions": {"Handler.do_OPTIONS": {"executed_lines": [], "summary": {"covered_lines": 0, "num_statements": 5, "percent_covered": 0.0, "percent_covered_display": "0", "missing_lines": 5, "excluded_lines": 0}, "missing_lines": [42, 43, 44, 45, 46], "excluded_lines": []}, "Handler.do_POST": {"executed_lines": [50, 52, 53, 54, 56, 57, 58, 60, 61, 62], "summary": {"covered_lines": 10, "num_statements": 15, "percent_covered": 66.66666666666667, "percent_covered_display": "67", "missing_lines": 5, "excluded_lines": 0}, "missing_lines": [64, 65, 66, 69, 70], "excluded_lines": []}, "Handler._handle_logview_post": {"executed_lines": [74, 77, 78, 79, 81, 84, 85, 86, 87, 90, 91, 95], "summary": {"covered_lines": 12, "num_statements": 14, "percent_covered": 85.71428571428571, "percent_covered_display": "86", "missing_lines": 2, "excluded_lines": 0}, "missing_lines": [92, 93], "excluded_lines": []}, "Handler._handle_ao_import_post": {"executed_lines": [99, 102, 103, 104, 105, 106, 107, 108, 109, 111, 115, 116, 117, 119, 122, 124, 125], "summary": {"covered_lines": 17, "num_statements": 25, "percent_covered": 68.0, "percent_covered_display": "68", "missing_lines": 8, "excluded_lines": 0}, "missing_lines": [112, 113, 127, 129, 130, 131, 133, 134], "excluded_lines": []}, "Handler._handle_ao_login_post": {"executed_lines": [138, 140, 141, 142, 143, 145, 146, 148, 149, 150, 152, 155, 157, 158, 165, 166, 167], "summary": {"covered_lines": 17, "num_statements": 20, "percent_covered": 85.0, "percent_covered_display": "85", "missing_lines": 3, "excluded_lines": 0}, "missing_lines": [168, 169, 170], "excluded_lines": []}, "Handler._handle_ao_refresh_post": {"executed_lines": [], "summary": {"covered_lines": 0, "num_statements": 59, "percent_covered": 0.0, "percent_covered_display": "0", "missing_lines": 59, "excluded_lines": 0}, "missing_lines": [174, 175, 176, 178, 179, 180, 181, 183, 184, 185, 187, 188, 189, 190, 191, 193, 194, 195, 198, 199, 201, 202, 203, 204, 206, 209, 210, 212, 220, 221, 223, 224, 225, 226, 228, 229, 230, 231, 233, 234, 235, 236, 238, 239, 240, 242, 243, 244, 245, 246, 248, 250, 251, 252, 254, 256, 258, 259, 260], "excluded_lines": []}, "Handler.do_GET": {"executed_lines": [264, 266, 267, 269, 272, 273, 274, 275, 276, 277, 278, 279, 280, 281, 282, 283, 284, 285, 288], "summary": {"covered_lines": 19, "num_statements": 23, "percent_covered": 82.6086956521739, "percent_covered_display": "83", "missing_lines": 4, "excluded_lines": 0}, "missing_lines": [286, 289, 290, 291], "excluded_lines": []}, "Handler._handle_stats_page": {"executed_lines": [295, 296, 297, 300, 301, 302, 305, 306, 307, 345, 346, 347, 348, 350, 352, 362], "summary": {"covered_lines": 16, "num_statements": 31, "percent_covered": 51.61290322580645, "percent_covered_display": "52", "missing_lines": 15, "excluded_lines": 0}, "missing_lines": [309, 310, 313, 315, 318, 319, 322, 323, 326, 327, 329, 339, 340, 341, 342], "excluded_lines": []}, "Handler._handle_species_api": {"executed_lines": [366, 367, 368, 369, 372, 373, 374], "summary": {"covered_lines": 7, "num_statements": 9, "percent_covered": 77.77777777777777, "percent_covered_display": "78", "missing_lines": 2, "excluded_lines": 0}, "missing_lines": [375, 376], "excluded_lines": []}, "Handler._handle_reverse_api": {"executed_lines": [380, 381, 382, 385, 389, 390, 391, 392, 393], "summary": {"covered_lines": 9, "num_statements": 11, "percent_covered": 81.81818181818181, "percent_covered_display": "82", "missing_lines": 2, "excluded_lines": 0}, "missing_lines": [394, 395], "excluded_lines": []}, "Handler._handle_ao_sites_api": {"executed_lines": [399, 400, 401, 402, 406, 409, 410, 413, 417, 419, 422, 423, 424, 425, 426, 429, 430, 431, 432, 434], "summary": {"covered_lines": 20, "num_statements": 24, "percent_covered": 83.33333333333333, "percent_covered_display": "83", "missing_lines": 4, "excluded_lines": 0}, "missing_lines": [414, 415, 427, 428], "excluded_lines": []}, "Handler._handle_ao_areas_api": {"executed_lines": [], "summary": {"covered_lines": 0, "num_statements": 15, "percent_covered": 0.0, "percent_covered_display": "0", "missing_lines": 15, "excluded_lines": 0}, "missing_lines": [438, 439, 441, 442, 443, 444, 445, 447, 448, 449, 457, 458, 459, 460, 461], "excluded_lines": []}, "Handler._handle_static_files": {"executed_lines": [465, 467, 472, 473, 477, 479], "summary": {"covered_lines": 6, "num_statements": 9, "percent_covered": 66.66666666666667, "percent_covered_display": "67", "missing_lines": 3, "excluded_lines": 0}, "missing_lines": [466, 469, 474], "excluded_lines": []}, "Handler.translate_path": {"executed_lines": [487, 490, 491, 492], "summary": {"covered_lines": 4, "num_statements": 5, "percent_covered": 80.0, "percent_covered_display": "80", "missing_lines": 1, "excluded_lines": 0}, "missing_lines": [493], "excluded_lines": []}, "Handler.end_headers": {"executed_lines": [498, 499, 501, 505, 507], "summary": {"covered_lines": 5, "num_statements": 6, "percent_covered": 83.33333333333333, "percent_covered_display": "83", "missing_lines": 1, "excluded_lines": 0}, "missing_lines": [502], "excluded_lines": []}, "Handler._send_json": {"executed_lines": [511, 512, 513, 514, 515, 516, 517], "summary": {"covered_lines": 7, "num_statements": 7, "percent_covered": 100.0, "percent_covered_display": "100", "missing_lines": 0, "excluded_lines": 0}, "missing_lines": [], "excluded_lines": []}, "Handler._send_html_response": {"executed_lines": [521, 522, 523, 524, 525, 526], "summary": {"covered_lines": 6, "num_statements": 6, "percent_covered": 100.0, "percent_covered_display": "100", "missing_lines": 0, "excluded_lines": 0}, "missing_lines": [], "excluded_lines": []}, "Handler._send_error_response": {"executed_lines": [], "summary": {"covered_lines": 0, "num_statements": 2, "percent_covered": 0.0, "percent_covered_display": "0", "missing_lines": 2, "excluded_lines": 0}, "missing_lines": [530, 531], "excluded_lines": []}, "run": {"executed_lines": [], "summary": {"covered_lines": 0, "num_statements": 5, "percent_covered": 0.0, "percent_covered_display": "0", "missing_lines": 5, "excluded_lines": 0}, "missing_lines": [536, 537, 538, 539, 540], "excluded_lines": []}, "": {"executed_lines": [2, 8, 9, 10, 14, 15, 16, 17, 18, 20, 21, 22, 23, 25, 26, 29, 30, 37, 38, 40, 48, 72, 97, 136, 172, 262, 293, 364, 378, 397, 436, 463, 481, 495, 509, 519, 528, 534, 543], "summary": {"covered_lines": 37, "num_statements": 45, "percent_covered": 82.22222222222223, "percent_covered_display": "82", "missing_lines": 8, "excluded_lines": 0}, "missing_lines": [11, 12, 545, 546, 547, 548, 549, 550], "excluded_lines": []}}, "classes": {"Handler": {"executed_lines": [50, 52, 53, 54, 56, 57, 58, 60, 61, 62, 74, 77, 78, 79, 81, 84, 85, 86, 87, 90, 91, 95, 99, 102, 103, 104, 105, 106, 107, 108, 109, 111, 115, 116, 117, 119, 122, 124, 125, 138, 140, 141, 142, 143, 145, 146, 148, 149, 150, 152, 155, 157, 158, 165, 166, 167, 264, 266, 267, 269, 272, 273, 274, 275, 276, 277, 278, 279, 280, 281, 282, 283, 284, 285, 288, 295, 296, 297, 300, 301, 302, 305, 306, 307, 345, 346, 347, 348, 350, 352, 362, 366, 367, 368, 369, 372, 373, 374, 380, 381, 382, 385, 389, 390, 391, 392, 393, 399, 400, 401, 402, 406, 409, 410, 413, 417, 419, 422, 423, 424, 425, 426, 429, 430, 431, 432, 434, 465, 467, 472, 473, 477, 479, 487, 490, 491, 492, 498, 499, 501, 505, 507, 511, 512, 513, 514, 515, 516, 517, 521, 522, 523, 524, 525, 526], "summary": {"covered_lines": 155, "num_statements": 286, "percent_covered": 54.19580419580419, "percent_covered_display": "54", "missing_lines": 131, "excluded_lines": 0}, "missing_lines": [42, 43, 44, 45, 46, 64, 65, 66, 69, 70, 92, 93, 112, 113, 127, 129, 130, 131, 133, 134, 168, 169, 170, 174, 175, 176, 178, 179, 180, 181, 183, 184, 185, 187, 188, 189, 190, 191, 193, 194, 195, 198, 199, 201, 202, 203, 204, 206, 209, 210, 212, 220, 221, 223, 224, 225, 226, 228, 229, 230, 231, 233, 234, 235, 236, 238, 239, 240, 242, 243, 244, 245, 246, 248, 250, 251, 252, 254, 256, 258, 259, 260, 286, 289, 290, 291, 309, 310, 313, 315, 318, 319, 322, 323, 326, 327, 329, 339, 340, 341, 342, 375, 376, 394, 395, 414, 415, 427, 428, 438, 439, 441, 442, 443, 444, 445, 447, 448, 449, 457, 458, 459, 460, 461, 466, 469, 474, 493, 502, 530, 531], "excluded_lines": []}, "": {"executed_lines": [2, 8, 9, 10, 14, 15, 16, 17, 18, 20, 21, 22, 23, 25, 26, 29, 30, 37, 38, 40, 48, 72, 97, 136, 172, 262, 293, 364, 378, 397, 436, 463, 481, 495, 509, 519, 528, 534, 543], "summary": {"covered_lines": 37, "num_statements": 50, "percent_covered": 74.0, "percent_covered_display": "74", "missing_lines": 13, "excluded_lines": 0}, "missing_lines": [11, 12, 536, 537, 538, 539, 540, 545, 546, 547, 548, 549, 550], "excluded_lines": []}}}, "src/__init__.py": {"executed_lines": [1, 10, 11, 12, 14], "summary": {"covered_lines": 4, "num_statements": 4, "percent_covered": 100.0, "percent_covered_display": "100", "missing_lines": 0, "excluded_lines": 0}, "missing_lines": [], "excluded_lines": [], "functions": {"": {"executed_lines": [1, 10, 11, 12, 14], "summary": {"covered_lines": 4, "num_statements": 4, "percent_covered": 100.0, "percent_covered_display": "100", "missing_lines": 0, "excluded_lines": 0}, "missing_lines": [], "excluded_lines": []}}, "classes": {"": {"executed_lines": [1, 10, 11, 12, 14], "summary": {"covered_lines": 4, "num_statements": 4, "percent_covered": 100.0, "percent_covered_display": "100", "missing_lines": 0, "excluded_lines": 0}, "missing_lines": [], "excluded_lines": []}}}, "src/ao_import.py": {"executed_lines": [1, 8, 9, 10, 11, 12, 13, 16, 24, 45, 46, 49, 60, 62, 65, 67, 68, 69, 74, 75, 76, 77, 78, 79, 81, 83, 84, 89, 90, 99, 100, 102, 123, 124, 125, 127, 128, 131, 133, 136, 137, 139, 142, 145, 224], "summary": {"covered_lines": 44, "num_statements": 159, "percent_covered": 27.67295597484277, "percent_covered_display": "28", "missing_lines": 115, "excluded_lines": 0}, "missing_lines": [71, 85, 86, 91, 92, 93, 94, 95, 96, 129, 154, 156, 157, 160, 162, 172, 174, 175, 176, 177, 180, 181, 183, 184, 185, 186, 187, 189, 193, 199, 200, 201, 202, 203, 206, 210, 211, 213, 215, 216, 217, 218, 219, 220, 221, 232, 235, 236, 238, 239, 246, 247, 249, 252, 255, 256, 257, 258, 267, 270, 273, 275, 287, 290, 291, 292, 293, 294, 297, 310, 312, 334, 335, 336, 338, 339, 340, 342, 343, 346, 347, 348, 349, 355, 357, 359, 364, 365, 367, 368, 370, 376, 378, 379, 380, 381, 382, 383, 384, 385, 387, 388, 389, 392, 393, 394, 395, 396, 397, 398, 399, 400, 401, 402, 403], "excluded_lines": [], "functions": {"observations_to_csv": {"executed_lines": [24, 45, 46, 49, 60, 62, 65, 67, 68, 69, 74, 75, 76, 77, 78, 79, 81, 83, 84, 89, 90, 99, 100, 102, 123, 124, 125, 127, 128, 131, 133, 136, 137, 139, 142], "summary": {"covered_lines": 35, "num_statements": 45, "percent_covered": 77.77777777777777, "percent_covered_display": "78", "missing_lines": 10, "excluded_lines": 0}, "missing_lines": [71, 85, 86, 91, 92, 93, 94, 95, 96, 129], "excluded_lines": []}, "fetch_csrf_token": {"executed_lines": [], "summary": {"covered_lines": 0, "num_statements": 35, "percent_covered": 0.0, "percent_covered_display": "0", "missing_lines": 35, "excluded_lines": 0}, "missing_lines": [154, 156, 157, 160, 162, 172, 174, 175, 176, 177, 180, 181, 183, 184, 185, 186, 187, 189, 193, 199, 200, 201, 202, 203, 206, 210, 211, 213, 215, 216, 217, 218, 219, 220, 221], "excluded_lines": []}, "post_to_ao": {"executed_lines": [], "summary": {"covered_lines": 0, "num_statements": 69, "percent_covered": 0.0, "percent_covered_display": "0", "missing_lines": 69, "excluded_lines": 0}, "missing_lines": [232, 235, 236, 238, 239, 246, 247, 249, 252, 255, 256, 257, 258, 267, 273, 275, 287, 290, 291, 292, 293, 294, 297, 310, 312, 334, 335, 336, 338, 339, 340, 342, 343, 346, 347, 348, 349, 355, 357, 359, 364, 365, 367, 368, 370, 376, 378, 379, 380, 381, 382, 383, 384, 385, 387, 388, 389, 392, 393, 394, 395, 396, 397, 398, 399, 400, 401, 402, 403], "excluded_lines": []}, "post_to_ao.browser_encode": {"executed_lines": [], "summary": {"covered_lines": 0, "num_statements": 1, "percent_covered": 0.0, "percent_covered_display": "0", "missing_lines": 1, "excluded_lines": 0}, "missing_lines": [270], "excluded_lines": []}, "": {"executed_lines": [1, 8, 9, 10, 11, 12, 13, 16, 145, 224], "summary": {"covered_lines": 9, "num_statements": 9, "percent_covered": 100.0, "percent_covered_display": "100", "missing_lines": 0, "excluded_lines": 0}, "missing_lines": [], "excluded_lines": []}}, "classes": {"": {"executed_lines": [1, 8, 9, 10, 11, 12, 13, 16, 24, 45, 46, 49, 60, 62, 65, 67, 68, 69, 74, 75, 76, 77, 78, 79, 81, 83, 84, 89, 90, 99, 100, 102, 123, 124, 125, 127, 128, 131, 133, 136, 137, 139, 142, 145, 224], "summary": {"covered_lines": 44, "num_statements": 159, "percent_covered": 27.67295597484277, "percent_covered_display": "28", "missing_lines": 115, "excluded_lines": 0}, "missing_lines": [71, 85, 86, 91, 92, 93, 94, 95, 96, 129, 154, 156, 157, 160, 162, 172, 174, 175, 176, 177, 180, 181, 183, 184, 185, 186, 187, 189, 193, 199, 200, 201, 202, 203, 206, 210, 211, 213, 215, 216, 217, 218, 219, 220, 221, 232, 235, 236, 238, 239, 246, 247, 249, 252, 255, 256, 257, 258, 267, 270, 273, 275, 287, 290, 291, 292, 293, 294, 297, 310, 312, 334, 335, 336, 338, 339, 340, 342, 343, 346, 347, 348, 349, 355, 357, 359, 364, 365, 367, 368, 370, 376, 378, 379, 380, 381, 382, 383, 384, 385, 387, 388, 389, 392, 393, 394, 395, 396, 397, 398, 399, 400, 401, 402, 403], "excluded_lines": []}}}, "src/ao_import_curl.py": {"executed_lines": [1, 5, 6, 7, 8, 9, 10, 13, 15, 16, 19, 32, 46, 49, 50, 51, 52, 53, 54, 55, 56, 57, 62, 63, 65, 70, 71, 72, 73, 74, 76, 77, 78, 79, 80, 82, 83, 84, 85, 86, 90, 93, 94, 96, 99, 111, 112, 114, 118, 120, 121, 122, 125, 126, 128, 140, 149, 174, 175, 176, 178, 180, 183, 191, 192, 195, 196, 197, 200, 201, 202, 203, 214, 223, 226, 240, 243, 244, 246, 249, 250, 251, 252, 253, 254, 255, 256, 257, 267, 270, 271, 274, 276, 283, 292, 317, 318, 319, 321, 324, 325, 327, 330], "summary": {"covered_lines": 102, "num_statements": 128, "percent_covered": 79.6875, "percent_covered_display": "80", "missing_lines": 26, "excluded_lines": 0}, "missing_lines": [58, 59, 64, 87, 88, 91, 115, 181, 185, 186, 187, 188, 204, 205, 206, 245, 258, 259, 260, 261, 262, 263, 264, 265, 268, 328], "excluded_lines": [], "functions": {"observations_to_csv": {"executed_lines": [15, 16], "summary": {"covered_lines": 2, "num_statements": 2, "percent_covered": 100.0, "percent_covered_display": "100", "missing_lines": 0, "excluded_lines": 0}, "missing_lines": [], "excluded_lines": []}, "fetch_csrf_tokens": {"executed_lines": [32, 46, 49, 50, 51, 52, 53, 54, 55, 56, 57, 62, 63, 65, 70, 71, 72, 73, 74, 76, 77, 78, 79, 80, 82, 83, 84, 85, 86, 90, 93, 94, 96], "summary": {"covered_lines": 33, "num_statements": 39, "percent_covered": 84.61538461538461, "percent_covered_display": "85", "missing_lines": 6, "excluded_lines": 0}, "missing_lines": [58, 59, 64, 87, 88, 91], "excluded_lines": []}, "post_with_curl": {"executed_lines": [111, 112, 114, 118, 120, 121, 122, 125, 126, 128, 140, 149, 174, 175, 176, 178, 180, 183, 191, 192, 195, 196, 197, 200, 201, 202, 203, 214], "summary": {"covered_lines": 28, "num_statements": 37, "percent_covered": 75.67567567567568, "percent_covered_display": "76", "missing_lines": 9, "excluded_lines": 0}, "missing_lines": [115, 181, 185, 186, 187, 188, 204, 205, 206], "excluded_lines": []}, "publish_all": {"executed_lines": [226, 240, 243, 244, 246, 249, 250, 251, 252, 253, 254, 255, 256, 257, 267, 270, 271, 274, 276, 283, 292, 317, 318, 319, 321, 324, 325, 327, 330], "summary": {"covered_lines": 29, "num_statements": 40, "percent_covered": 72.5, "percent_covered_display": "72", "missing_lines": 11, "excluded_lines": 0}, "missing_lines": [245, 258, 259, 260, 261, 262, 263, 264, 265, 268, 328], "excluded_lines": []}, "": {"executed_lines": [1, 5, 6, 7, 8, 9, 10, 13, 19, 99, 223], "summary": {"covered_lines": 10, "num_statements": 10, "percent_covered": 100.0, "percent_covered_display": "100", "missing_lines": 0, "excluded_lines": 0}, "missing_lines": [], "excluded_lines": []}}, "classes": {"": {"executed_lines": [1, 5, 6, 7, 8, 9, 10, 13, 15, 16, 19, 32, 46, 49, 50, 51, 52, 53, 54, 55, 56, 57, 62, 63, 65, 70, 71, 72, 73, 74, 76, 77, 78, 79, 80, 82, 83, 84, 85, 86, 90, 93, 94, 96, 99, 111, 112, 114, 118, 120, 121, 122, 125, 126, 128, 140, 149, 174, 175, 176, 178, 180, 183, 191, 192, 195, 196, 197, 200, 201, 202, 203, 214, 223, 226, 240, 243, 244, 246, 249, 250, 251, 252, 253, 254, 255, 256, 257, 267, 270, 271, 274, 276, 283, 292, 317, 318, 319, 321, 324, 325, 327, 330], "summary": {"covered_lines": 102, "num_statements": 128, "percent_covered": 79.6875, "percent_covered_display": "80", "missing_lines": 26, "excluded_lines": 0}, "missing_lines": [58, 59, 64, 87, 88, 91, 115, 181, 185, 186, 187, 188, 204, 205, 206, 245, 258, 259, 260, 261, 262, 263, 264, 265, 268, 328], "excluded_lines": []}}}, "src/api_handlers.py": {"executed_lines": [1, 7, 8, 9, 10, 11, 12, 13, 14, 15, 18, 23, 24, 27, 30, 31, 33, 84, 146, 258, 299, 301, 305, 313, 315, 325, 326, 327, 328, 331, 332, 334, 335, 336, 337, 338, 339, 340, 342, 354, 360, 363, 364, 365, 366, 367, 369, 371, 379, 380, 381, 383, 386, 387, 390, 402, 408, 415, 416, 417, 418, 419, 420, 423, 425, 426, 427, 434, 435, 436, 438, 439, 441, 442, 443, 444, 446, 451, 454, 455, 459, 462, 473, 475, 601, 610, 615, 626, 627, 629, 630, 631, 632, 641, 642, 645, 646, 653, 654, 656, 659, 660, 661, 664, 670, 671, 672, 674, 675, 676, 677, 678, 680, 681, 686, 687, 688, 689, 691, 693, 694, 695, 696, 697, 700, 703, 704, 705, 709, 710, 720, 723, 724, 729, 734, 735, 736, 737, 739, 740, 741, 753, 754, 755, 759, 760, 761, 772, 773, 777, 778, 779, 780], "summary": {"covered_lines": 152, "num_statements": 408, "percent_covered": 37.254901960784316, "percent_covered_display": "37", "missing_lines": 256, "excluded_lines": 0}, "missing_lines": [39, 40, 41, 42, 43, 44, 46, 47, 48, 50, 51, 52, 53, 59, 60, 61, 62, 63, 64, 65, 66, 67, 68, 69, 70, 71, 72, 73, 74, 76, 77, 78, 79, 80, 81, 100, 101, 104, 105, 106, 107, 108, 109, 112, 114, 117, 125, 126, 127, 128, 129, 130, 131, 133, 135, 136, 137, 140, 142, 143, 158, 161, 167, 170, 174, 175, 177, 180, 181, 183, 187, 189, 192, 199, 209, 210, 213, 215, 216, 217, 220, 221, 222, 224, 225, 226, 227, 228, 229, 230, 231, 232, 233, 235, 236, 238, 239, 241, 242, 245, 246, 247, 249, 251, 270, 271, 272, 275, 283, 284, 286, 289, 290, 291, 292, 293, 294, 295, 296, 302, 350, 352, 355, 356, 357, 384, 403, 404, 405, 428, 429, 430, 431, 463, 464, 465, 466, 467, 468, 469, 470, 471, 476, 478, 479, 480, 483, 484, 485, 487, 488, 489, 490, 491, 492, 493, 500, 501, 502, 503, 504, 506, 509, 510, 513, 514, 515, 517, 518, 527, 528, 532, 533, 547, 549, 550, 551, 552, 554, 557, 558, 559, 561, 562, 563, 564, 565, 566, 568, 569, 570, 574, 576, 577, 578, 579, 580, 581, 582, 583, 585, 586, 587, 588, 589, 590, 591, 592, 594, 595, 597, 598, 633, 634, 635, 636, 637, 638, 639, 647, 648, 650, 655, 662, 682, 683, 684, 698, 699, 706, 711, 714, 715, 716, 717, 719, 725, 726, 727, 742, 743, 745, 747, 748, 749, 750, 751, 762, 763, 764, 765, 766, 767, 769, 774, 775], "excluded_lines": [], "functions": {"refresh_ao_cookie_if_needed": {"executed_lines": [], "summary": {"covered_lines": 0, "num_statements": 35, "percent_covered": 0.0, "percent_covered_display": "0", "missing_lines": 35, "excluded_lines": 0}, "missing_lines": [39, 40, 41, 42, 43, 44, 46, 47, 48, 50, 51, 52, 53, 59, 60, 61, 62, 63, 64, 65, 66, 67, 68, 69, 70, 71, 72, 73, 74, 76, 77, 78, 79, 80, 81], "excluded_lines": []}, "get_fresh_auth_cookie": {"executed_lines": [], "summary": {"covered_lines": 0, "num_statements": 25, "percent_covered": 0.0, "percent_covered_display": "0", "missing_lines": 25, "excluded_lines": 0}, "missing_lines": [100, 101, 104, 105, 106, 107, 108, 109, 112, 114, 117, 125, 126, 127, 128, 129, 130, 131, 133, 135, 136, 137, 140, 142, 143], "excluded_lines": []}, "login_to_ao": {"executed_lines": [], "summary": {"covered_lines": 0, "num_statements": 44, "percent_covered": 0.0, "percent_covered_display": "0", "missing_lines": 44, "excluded_lines": 0}, "missing_lines": [158, 161, 167, 170, 174, 175, 177, 180, 181, 183, 187, 189, 192, 199, 209, 210, 213, 215, 216, 217, 220, 221, 222, 224, 225, 226, 227, 228, 229, 230, 231, 232, 233, 235, 236, 238, 239, 241, 242, 245, 246, 247, 249, 251], "excluded_lines": []}, "auto_relogin_if_needed": {"executed_lines": [], "summary": {"covered_lines": 0, "num_statements": 15, "percent_covered": 0.0, "percent_covered_display": "0", "missing_lines": 15, "excluded_lines": 0}, "missing_lines": [270, 271, 272, 275, 283, 284, 286, 289, 290, 291, 292, 293, 294, 295, 296], "excluded_lines": []}, "handle_species_search": {"executed_lines": [301, 305, 313, 315, 325, 326, 327, 328, 331, 332, 334, 335, 336, 337, 338, 339, 340, 342, 354], "summary": {"covered_lines": 19, "num_statements": 25, "percent_covered": 76.0, "percent_covered_display": "76", "missing_lines": 6, "excluded_lines": 0}, "missing_lines": [302, 350, 352, 355, 356, 357], "excluded_lines": []}, "handle_reverse_geocoding": {"executed_lines": [363, 364, 365, 366, 367, 369, 371, 379, 380, 381, 383, 386, 387, 390, 402], "summary": {"covered_lines": 15, "num_statements": 19, "percent_covered": 78.94736842105263, "percent_covered_display": "79", "missing_lines": 4, "excluded_lines": 0}, "missing_lines": [384, 403, 404, 405], "excluded_lines": []}, "handle_ao_sites_search": {"executed_lines": [415, 416, 417, 418, 419, 420, 423, 425, 426, 427, 434, 435, 436, 438, 439, 441, 442, 443, 444, 446, 451, 454, 455, 459, 462, 473, 475, 601, 610, 615, 626, 627, 629, 630, 631, 632, 641, 642, 645, 646, 653, 654, 656, 659, 660, 661, 664, 670, 671, 672, 674, 675, 676, 677, 678, 680, 681, 686, 687, 688, 689, 691, 693, 694, 695, 696, 697, 700, 703, 704, 705, 709, 710, 720, 723, 724, 729, 734, 735, 736, 737, 739, 740, 741, 753, 754, 755, 759, 760, 761, 772, 773, 777, 778, 779, 780], "summary": {"covered_lines": 96, "num_statements": 219, "percent_covered": 43.83561643835616, "percent_covered_display": "44", "missing_lines": 123, "excluded_lines": 0}, "missing_lines": [428, 429, 430, 431, 463, 464, 465, 466, 467, 468, 469, 470, 471, 476, 478, 479, 480, 483, 484, 485, 487, 488, 489, 490, 491, 492, 493, 500, 506, 509, 510, 513, 514, 515, 517, 518, 527, 528, 532, 533, 547, 549, 550, 551, 552, 554, 557, 558, 559, 561, 562, 563, 564, 565, 566, 568, 569, 570, 574, 576, 577, 578, 579, 580, 581, 582, 583, 585, 586, 587, 588, 589, 590, 591, 592, 594, 595, 597, 598, 633, 634, 635, 636, 637, 638, 639, 647, 648, 650, 655, 662, 682, 683, 684, 698, 699, 706, 711, 714, 715, 716, 717, 719, 725, 726, 727, 742, 743, 745, 747, 748, 749, 750, 751, 762, 763, 764, 765, 766, 767, 769, 774, 775], "excluded_lines": []}, "handle_ao_sites_search.lat_lon_to_mercator": {"executed_lines": [], "summary": {"covered_lines": 0, "num_statements": 4, "percent_covered": 0.0, "percent_covered_display": "0", "missing_lines": 4, "excluded_lines": 0}, "missing_lines": [501, 502, 503, 504], "excluded_lines": []}, "": {"executed_lines": [1, 7, 8, 9, 10, 11, 12, 13, 14, 15, 18, 23, 24, 27, 30, 31, 33, 84, 146, 258, 299, 360, 408], "summary": {"covered_lines": 22, "num_statements": 22, "percent_covered": 100.0, "percent_covered_display": "100", "missing_lines": 0, "excluded_lines": 0}, "missing_lines": [], "excluded_lines": []}}, "classes": {"": {"executed_lines": [1, 7, 8, 9, 10, 11, 12, 13, 14, 15, 18, 23, 24, 27, 30, 31, 33, 84, 146, 258, 299, 301, 305, 313, 315, 325, 326, 327, 328, 331, 332, 334, 335, 336, 337, 338, 339, 340, 342, 354, 360, 363, 364, 365, 366, 367, 369, 371, 379, 380, 381, 383, 386, 387, 390, 402, 408, 415, 416, 417, 418, 419, 420, 423, 425, 426, 427, 434, 435, 436, 438, 439, 441, 442, 443, 444, 446, 451, 454, 455, 459, 462, 473, 475, 601, 610, 615, 626, 627, 629, 630, 631, 632, 641, 642, 645, 646, 653, 654, 656, 659, 660, 661, 664, 670, 671, 672, 674, 675, 676, 677, 678, 680, 681, 686, 687, 688, 689, 691, 693, 694, 695, 696, 697, 700, 703, 704, 705, 709, 710, 720, 723, 724, 729, 734, 735, 736, 737, 739, 740, 741, 753, 754, 755, 759, 760, 761, 772, 773, 777, 778, 779, 780], "summary": {"covered_lines": 152, "num_statements": 408, "percent_covered": 37.254901960784316, "percent_covered_display": "37", "missing_lines": 256, "excluded_lines": 0}, "missing_lines": [39, 40, 41, 42, 43, 44, 46, 47, 48, 50, 51, 52, 53, 59, 60, 61, 62, 63, 64, 65, 66, 67, 68, 69, 70, 71, 72, 73, 74, 76, 77, 78, 79, 80, 81, 100, 101, 104, 105, 106, 107, 108, 109, 112, 114, 117, 125, 126, 127, 128, 129, 130, 131, 133, 135, 136, 137, 140, 142, 143, 158, 161, 167, 170, 174, 175, 177, 180, 181, 183, 187, 189, 192, 199, 209, 210, 213, 215, 216, 217, 220, 221, 222, 224, 225, 226, 227, 228, 229, 230, 231, 232, 233, 235, 236, 238, 239, 241, 242, 245, 246, 247, 249, 251, 270, 271, 272, 275, 283, 284, 286, 289, 290, 291, 292, 293, 294, 295, 296, 302, 350, 352, 355, 356, 357, 384, 403, 404, 405, 428, 429, 430, 431, 463, 464, 465, 466, 467, 468, 469, 470, 471, 476, 478, 479, 480, 483, 484, 485, 487, 488, 489, 490, 491, 492, 493, 500, 501, 502, 503, 504, 506, 509, 510, 513, 514, 515, 517, 518, 527, 528, 532, 533, 547, 549, 550, 551, 552, 554, 557, 558, 559, 561, 562, 563, 564, 565, 566, 568, 569, 570, 574, 576, 577, 578, 579, 580, 581, 582, 583, 585, 586, 587, 588, 589, 590, 591, 592, 594, 595, 597, 598, 633, 634, 635, 636, 637, 638, 639, 647, 648, 650, 655, 662, 682, 683, 684, 698, 699, 706, 711, 714, 715, 716, 717, 719, 725, 726, 727, 742, 743, 745, 747, 748, 749, 750, 751, 762, 763, 764, 765, 766, 767, 769, 774, 775], "excluded_lines": []}}}, "src/html_templates.py": {"executed_lines": [1, 8, 10, 38, 40, 41, 42, 45, 49, 51, 53, 57, 58, 62, 63, 97, 140], "summary": {"covered_lines": 16, "num_statements": 25, "percent_covered": 64.0, "percent_covered_display": "64", "missing_lines": 9, "excluded_lines": 0}, "missing_lines": [64, 65, 66, 75, 76, 85, 86, 95, 142], "excluded_lines": [], "functions": {"generate_stats_login_page": {"executed_lines": [10], "summary": {"covered_lines": 1, "num_statements": 1, "percent_covered": 100.0, "percent_covered_display": "100", "missing_lines": 0, "excluded_lines": 0}, "missing_lines": [], "excluded_lines": []}, "generate_stats_page": {"executed_lines": [40, 41, 42, 45, 49, 51, 53, 57, 58, 62, 63, 97], "summary": {"covered_lines": 12, "num_statements": 20, "percent_covered": 60.0, "percent_covered_display": "60", "missing_lines": 8, "excluded_lines": 0}, "missing_lines": [64, 65, 66, 75, 76, 85, 86, 95], "excluded_lines": []}, "generate_error_page": {"executed_lines": [], "summary": {"covered_lines": 0, "num_statements": 1, "percent_covered": 0.0, "percent_covered_display": "0", "missing_lines": 1, "excluded_lines": 0}, "missing_lines": [142], "excluded_lines": []}, "": {"executed_lines": [1, 8, 38, 140], "summary": {"covered_lines": 3, "num_statements": 3, "percent_covered": 100.0, "percent_covered_display": "100", "missing_lines": 0, "excluded_lines": 0}, "missing_lines": [], "excluded_lines": []}}, "classes": {"": {"executed_lines": [1, 8, 10, 38, 40, 41, 42, 45, 49, 51, 53, 57, 58, 62, 63, 97, 140], "summary": {"covered_lines": 16, "num_statements": 25, "percent_covered": 64.0, "percent_covered_display": "64", "missing_lines": 9, "excluded_lines": 0}, "missing_lines": [64, 65, 66, 75, 76, 85, 86, 95, 142], "excluded_lines": []}}}, "src/supabase_log.py": {"executed_lines": [3, 4, 5, 7, 8, 10, 11, 15, 50, 51, 52], "summary": {"covered_lines": 11, "num_statements": 38, "percent_covered": 28.94736842105263, "percent_covered_display": "29", "missing_lines": 27, "excluded_lines": 0}, "missing_lines": [12, 17, 18, 20, 21, 24, 25, 26, 27, 28, 29, 30, 31, 33, 36, 39, 41, 46, 47, 53, 55, 57, 65, 66, 67, 68, 69], "excluded_lines": [], "functions": {"parse_user_agent": {"executed_lines": [], "summary": {"covered_lines": 0, "num_statements": 18, "percent_covered": 0.0, "percent_covered_display": "0", "missing_lines": 18, "excluded_lines": 0}, "missing_lines": [17, 18, 20, 21, 24, 25, 26, 27, 28, 29, 30, 31, 33, 36, 39, 41, 46, 47], "excluded_lines": []}, "log_view_to_supabase": {"executed_lines": [51, 52], "summary": {"covered_lines": 2, "num_statements": 10, "percent_covered": 20.0, "percent_covered_display": "20", "missing_lines": 8, "excluded_lines": 0}, "missing_lines": [53, 55, 57, 65, 66, 67, 68, 69], "excluded_lines": []}, "": {"executed_lines": [3, 4, 5, 7, 8, 10, 11, 15, 50], "summary": {"covered_lines": 9, "num_statements": 10, "percent_covered": 90.0, "percent_covered_display": "90", "missing_lines": 1, "excluded_lines": 0}, "missing_lines": [12], "excluded_lines": []}}, "classes": {"": {"executed_lines": [3, 4, 5, 7, 8, 10, 11, 15, 50, 51, 52], "summary": {"covered_lines": 11, "num_statements": 38, "percent_covered": 28.94736842105263, "percent_covered_display": "29", "missing_lines": 27, "excluded_lines": 0}, "missing_lines": [12, 17, 18, 20, 21, 24, 25, 26, 27, 28, 29, 30, 31, 33, 36, 39, 41, 46, 47, 53, 55, 57, 65, 66, 67, 68, 69], "excluded_lines": []}}}}, "totals": {"covered_lines": 521, "num_statements": 1098, "percent_covered": 47.44990892531876, "percent_covered_display": "47", "missing_lines": 577, "excluded_lines": 0}}